2024-12-03T14:32:49.882+01:00  INFO 16828 --- [sketch2.0_backend] [restartedMain] c.example.sketch20_backend.Application   : Starting Application using Java 22.0.1 with PID 16828 (C:\Users\tatch\sketch2.0_backend\sketch2.0_backend\target\classes started by VICTUS in C:\Users\tatch\sketch2.0_backend\sketch2.0_backend)
2024-12-03T14:32:49.898+01:00  INFO 16828 --- [sketch2.0_backend] [restartedMain] c.example.sketch20_backend.Application   : No active profile set, falling back to 1 default profile: "default"
2024-12-03T14:32:49.972+01:00  INFO 16828 --- [sketch2.0_backend] [restartedMain] .e.DevToolsPropertyDefaultsPostProcessor : Devtools property defaults active! Set 'spring.devtools.add-properties' to 'false' to disable
2024-12-03T14:32:49.988+01:00  INFO 16828 --- [sketch2.0_backend] [restartedMain] .e.DevToolsPropertyDefaultsPostProcessor : For additional web related logging consider setting the 'logging.level.web' property to 'DEBUG'
2024-12-03T14:32:51.195+01:00  INFO 16828 --- [sketch2.0_backend] [restartedMain] .s.d.r.c.RepositoryConfigurationDelegate : Bootstrapping Spring Data JPA repositories in DEFAULT mode.
2024-12-03T14:32:51.273+01:00  INFO 16828 --- [sketch2.0_backend] [restartedMain] .s.d.r.c.RepositoryConfigurationDelegate : Finished Spring Data repository scanning in 70 ms. Found 7 JPA repository interfaces.
2024-12-03T14:32:51.823+01:00  INFO 16828 --- [sketch2.0_backend] [restartedMain] o.s.b.w.embedded.tomcat.TomcatWebServer  : Tomcat initialized with port 8080 (http)
2024-12-03T14:32:51.839+01:00  INFO 16828 --- [sketch2.0_backend] [restartedMain] o.apache.catalina.core.StandardService   : Starting service [Tomcat]
2024-12-03T14:32:51.839+01:00  INFO 16828 --- [sketch2.0_backend] [restartedMain] o.apache.catalina.core.StandardEngine    : Starting Servlet engine: [Apache Tomcat/10.1.31]
2024-12-03T14:32:51.886+01:00  INFO 16828 --- [sketch2.0_backend] [restartedMain] o.a.c.c.C.[Tomcat].[localhost].[/]       : Initializing Spring embedded WebApplicationContext
2024-12-03T14:32:51.886+01:00  INFO 16828 --- [sketch2.0_backend] [restartedMain] w.s.c.ServletWebServerApplicationContext : Root WebApplicationContext: initialization completed in 1898 ms
2024-12-03T14:32:51.948+01:00 DEBUG 16828 --- [sketch2.0_backend] [restartedMain] o.springframework.web.filter.CorsFilter  : Filter 'corsFilter' configured for use
2024-12-03T14:32:52.080+01:00  INFO 16828 --- [sketch2.0_backend] [restartedMain] o.hibernate.jpa.internal.util.LogHelper  : HHH000204: Processing PersistenceUnitInfo [name: default]
2024-12-03T14:32:52.142+01:00  INFO 16828 --- [sketch2.0_backend] [restartedMain] org.hibernate.Version                    : HHH000412: Hibernate ORM core version 6.5.3.Final
2024-12-03T14:32:52.190+01:00  INFO 16828 --- [sketch2.0_backend] [restartedMain] o.h.c.internal.RegionFactoryInitiator    : HHH000026: Second-level cache disabled
2024-12-03T14:32:52.519+01:00  INFO 16828 --- [sketch2.0_backend] [restartedMain] o.s.o.j.p.SpringPersistenceUnitInfo      : No LoadTimeWeaver setup: ignoring JPA class transformer
2024-12-03T14:32:52.551+01:00  INFO 16828 --- [sketch2.0_backend] [restartedMain] com.zaxxer.hikari.HikariDataSource       : HikariPool-1 - Starting...
2024-12-03T14:32:52.693+01:00  INFO 16828 --- [sketch2.0_backend] [restartedMain] com.zaxxer.hikari.pool.HikariPool        : HikariPool-1 - Added connection com.mysql.cj.jdbc.ConnectionImpl@64dcd696
2024-12-03T14:32:52.708+01:00  INFO 16828 --- [sketch2.0_backend] [restartedMain] com.zaxxer.hikari.HikariDataSource       : HikariPool-1 - Start completed.
2024-12-03T14:32:52.762+01:00  WARN 16828 --- [sketch2.0_backend] [restartedMain] org.hibernate.dialect.Dialect            : HHH000511: The 5.5.5 version for [org.hibernate.dialect.MySQLDialect] is no longer supported, hence certain features may not work properly. The minimum supported version is 8.0.0. Check the community dialects project for available legacy versions.
2024-12-03T14:32:53.683+01:00  INFO 16828 --- [sketch2.0_backend] [restartedMain] o.h.e.t.j.p.i.JtaPlatformInitiator       : HHH000489: No JTA platform available (set 'hibernate.transaction.jta.platform' to enable JTA platform integration)
2024-12-03T14:32:53.968+01:00  INFO 16828 --- [sketch2.0_backend] [restartedMain] j.LocalContainerEntityManagerFactoryBean : Initialized JPA EntityManagerFactory for persistence unit 'default'
2024-12-03T14:32:54.316+01:00  WARN 16828 --- [sketch2.0_backend] [restartedMain] JpaBaseConfiguration$JpaWebConfiguration : spring.jpa.open-in-view is enabled by default. Therefore, database queries may be performed during view rendering. Explicitly configure spring.jpa.open-in-view to disable this warning
2024-12-03T14:32:54.411+01:00 DEBUG 16828 --- [sketch2.0_backend] [restartedMain] s.w.s.m.m.a.RequestMappingHandlerMapping : 16 mappings in 'requestMappingHandlerMapping'
2024-12-03T14:32:54.490+01:00 DEBUG 16828 --- [sketch2.0_backend] [restartedMain] o.s.w.s.handler.SimpleUrlHandlerMapping  : Patterns [/webjars/**, /**] in 'resourceHandlerMapping'
2024-12-03T14:32:54.531+01:00 DEBUG 16828 --- [sketch2.0_backend] [restartedMain] s.w.s.m.m.a.RequestMappingHandlerAdapter : ControllerAdvice beans: 0 @ModelAttribute, 0 @InitBinder, 1 RequestBodyAdvice, 1 ResponseBodyAdvice
2024-12-03T14:32:54.569+01:00 DEBUG 16828 --- [sketch2.0_backend] [restartedMain] .m.m.a.ExceptionHandlerExceptionResolver : ControllerAdvice beans: 0 @ExceptionHandler, 1 ResponseBodyAdvice
2024-12-03T14:32:54.679+01:00  INFO 16828 --- [sketch2.0_backend] [restartedMain] o.s.b.d.a.OptionalLiveReloadServer       : LiveReload server is running on port 35729
2024-12-03T14:32:54.727+01:00  INFO 16828 --- [sketch2.0_backend] [restartedMain] o.s.b.w.embedded.tomcat.TomcatWebServer  : Tomcat started on port 8080 (http) with context path '/'
2024-12-03T14:32:54.727+01:00  INFO 16828 --- [sketch2.0_backend] [restartedMain] c.example.sketch20_backend.Application   : Started Application in 5.409 seconds (process running for 12.064)
2024-12-03T14:33:33.802+01:00  INFO 16828 --- [sketch2.0_backend] [http-nio-8080-exec-1] o.a.c.c.C.[Tomcat].[localhost].[/]       : Initializing Spring DispatcherServlet 'dispatcherServlet'
2024-12-03T14:33:33.803+01:00  INFO 16828 --- [sketch2.0_backend] [http-nio-8080-exec-1] o.s.web.servlet.DispatcherServlet        : Initializing Servlet 'dispatcherServlet'
2024-12-03T14:33:33.804+01:00 DEBUG 16828 --- [sketch2.0_backend] [http-nio-8080-exec-1] o.s.web.servlet.DispatcherServlet        : Detected StandardServletMultipartResolver
2024-12-03T14:33:33.804+01:00 DEBUG 16828 --- [sketch2.0_backend] [http-nio-8080-exec-1] o.s.web.servlet.DispatcherServlet        : Detected AcceptHeaderLocaleResolver
2024-12-03T14:33:33.804+01:00 DEBUG 16828 --- [sketch2.0_backend] [http-nio-8080-exec-1] o.s.web.servlet.DispatcherServlet        : Detected FixedThemeResolver
2024-12-03T14:33:33.807+01:00 DEBUG 16828 --- [sketch2.0_backend] [http-nio-8080-exec-1] o.s.web.servlet.DispatcherServlet        : Detected org.springframework.web.servlet.view.DefaultRequestToViewNameTranslator@3da15a25
2024-12-03T14:33:33.810+01:00 DEBUG 16828 --- [sketch2.0_backend] [http-nio-8080-exec-1] o.s.web.servlet.DispatcherServlet        : Detected org.springframework.web.servlet.support.SessionFlashMapManager@5f5c1f61
2024-12-03T14:33:33.812+01:00 DEBUG 16828 --- [sketch2.0_backend] [http-nio-8080-exec-1] o.s.web.servlet.DispatcherServlet        : enableLoggingRequestDetails='false': request parameters and headers will be masked to prevent unsafe logging of potentially sensitive data
2024-12-03T14:33:33.813+01:00  INFO 16828 --- [sketch2.0_backend] [http-nio-8080-exec-1] o.s.web.servlet.DispatcherServlet        : Completed initialization in 9 ms
2024-12-03T14:33:33.907+01:00 DEBUG 16828 --- [sketch2.0_backend] [http-nio-8080-exec-1] o.s.web.servlet.DispatcherServlet        : GET "/habillages", parameters={}
2024-12-03T14:33:33.948+01:00 DEBUG 16828 --- [sketch2.0_backend] [http-nio-8080-exec-1] s.w.s.m.m.a.RequestMappingHandlerMapping : Mapped to com.example.sketch20_backend.controller.HabillageController#getAllHabillages()
2024-12-03T14:33:34.006+01:00  INFO 16828 --- [sketch2.0_backend] [http-nio-8080-exec-1] c.e.s.service.HabillageService           : Received request to get all habillage
2024-12-03T14:33:34.007+01:00  INFO 16828 --- [sketch2.0_backend] [http-nio-8080-exec-1] c.e.s.service.HabillageService           : Fetching all habillage
2024-12-03T14:33:35.006+01:00  INFO 16828 --- [sketch2.0_backend] [http-nio-8080-exec-1] c.e.s.service.HabillageService           : Number of habillage found: 13
2024-12-03T14:33:35.232+01:00  INFO 16828 --- [sketch2.0_backend] [http-nio-8080-exec-1] c.e.s.service.HabillageService           : Returning all habillage
2024-12-03T14:33:35.282+01:00 DEBUG 16828 --- [sketch2.0_backend] [http-nio-8080-exec-1] m.m.a.RequestResponseBodyMethodProcessor : Using 'application/json', given [application/json, text/plain, */*] and supported [application/json, application/*+json]
2024-12-03T14:33:35.287+01:00 DEBUG 16828 --- [sketch2.0_backend] [http-nio-8080-exec-1] m.m.a.RequestResponseBodyMethodProcessor : Writing [[com.example.sketch20_backend.dto.HabillageDTO@2b2ede3b, com.example.sketch20_backend.dto.HabillageD (truncated)...]
2024-12-03T14:33:35.493+01:00 DEBUG 16828 --- [sketch2.0_backend] [http-nio-8080-exec-5] o.s.web.servlet.DispatcherServlet        : GET "/habillages", parameters={}
2024-12-03T14:33:35.494+01:00 DEBUG 16828 --- [sketch2.0_backend] [http-nio-8080-exec-5] s.w.s.m.m.a.RequestMappingHandlerMapping : Mapped to com.example.sketch20_backend.controller.HabillageController#getAllHabillages()
2024-12-03T14:33:35.495+01:00  INFO 16828 --- [sketch2.0_backend] [http-nio-8080-exec-5] c.e.s.service.HabillageService           : Received request to get all habillage
2024-12-03T14:33:35.496+01:00  INFO 16828 --- [sketch2.0_backend] [http-nio-8080-exec-5] c.e.s.service.HabillageService           : Fetching all habillage
2024-12-03T14:33:35.685+01:00  INFO 16828 --- [sketch2.0_backend] [http-nio-8080-exec-5] c.e.s.service.HabillageService           : Number of habillage found: 13
2024-12-03T14:33:35.782+01:00  INFO 16828 --- [sketch2.0_backend] [http-nio-8080-exec-5] c.e.s.service.HabillageService           : Returning all habillage
2024-12-03T14:33:35.784+01:00 DEBUG 16828 --- [sketch2.0_backend] [http-nio-8080-exec-5] m.m.a.RequestResponseBodyMethodProcessor : Using 'application/json', given [application/json, text/plain, */*] and supported [application/json, application/*+json]
2024-12-03T14:33:35.786+01:00 DEBUG 16828 --- [sketch2.0_backend] [http-nio-8080-exec-5] m.m.a.RequestResponseBodyMethodProcessor : Writing [[com.example.sketch20_backend.dto.HabillageDTO@4749da46, com.example.sketch20_backend.dto.HabillageD (truncated)...]
2024-12-03T14:33:35.882+01:00 DEBUG 16828 --- [sketch2.0_backend] [http-nio-8080-exec-1] o.s.web.servlet.DispatcherServlet        : Completed 200 OK
2024-12-03T14:33:36.078+01:00 DEBUG 16828 --- [sketch2.0_backend] [http-nio-8080-exec-5] o.s.web.servlet.DispatcherServlet        : Completed 200 OK
2024-12-03T14:33:59.494+01:00 DEBUG 16828 --- [sketch2.0_backend] [http-nio-8080-exec-3] o.s.web.servlet.DispatcherServlet        : GET "/products", parameters={}
2024-12-03T14:33:59.495+01:00 DEBUG 16828 --- [sketch2.0_backend] [http-nio-8080-exec-3] s.w.s.m.m.a.RequestMappingHandlerMapping : Mapped to com.example.sketch20_backend.controller.ProductController#getAllProducts()
2024-12-03T14:33:59.498+01:00  INFO 16828 --- [sketch2.0_backend] [http-nio-8080-exec-3] c.e.s.controller.ProductController       : Received request to get all products
2024-12-03T14:33:59.499+01:00  INFO 16828 --- [sketch2.0_backend] [http-nio-8080-exec-3] c.e.s.service.ProductService             : Fetching all products
2024-12-03T14:33:59.636+01:00  INFO 16828 --- [sketch2.0_backend] [http-nio-8080-exec-3] c.e.s.service.ProductService             : Number of products found: 10
2024-12-03T14:33:59.680+01:00  INFO 16828 --- [sketch2.0_backend] [http-nio-8080-exec-3] c.e.s.controller.ProductController       : Returning all products
2024-12-03T14:33:59.682+01:00 DEBUG 16828 --- [sketch2.0_backend] [http-nio-8080-exec-3] m.m.a.RequestResponseBodyMethodProcessor : Using 'application/json', given [application/json, text/plain, */*] and supported [application/json, application/*+json]
2024-12-03T14:33:59.685+01:00 DEBUG 16828 --- [sketch2.0_backend] [http-nio-8080-exec-3] m.m.a.RequestResponseBodyMethodProcessor : Writing [[com.example.sketch20_backend.dto.ProductDTO@bc82bd8, com.example.sketch20_backend.dto.ProductDTO@73 (truncated)...]
2024-12-03T14:33:59.698+01:00 DEBUG 16828 --- [sketch2.0_backend] [http-nio-8080-exec-4] o.s.web.servlet.DispatcherServlet        : GET "/products", parameters={}
2024-12-03T14:33:59.699+01:00 DEBUG 16828 --- [sketch2.0_backend] [http-nio-8080-exec-4] s.w.s.m.m.a.RequestMappingHandlerMapping : Mapped to com.example.sketch20_backend.controller.ProductController#getAllProducts()
2024-12-03T14:33:59.700+01:00  INFO 16828 --- [sketch2.0_backend] [http-nio-8080-exec-4] c.e.s.controller.ProductController       : Received request to get all products
2024-12-03T14:33:59.701+01:00  INFO 16828 --- [sketch2.0_backend] [http-nio-8080-exec-4] c.e.s.service.ProductService             : Fetching all products
2024-12-03T14:33:59.792+01:00  INFO 16828 --- [sketch2.0_backend] [http-nio-8080-exec-4] c.e.s.service.ProductService             : Number of products found: 10
2024-12-03T14:33:59.826+01:00 DEBUG 16828 --- [sketch2.0_backend] [http-nio-8080-exec-3] o.s.web.servlet.DispatcherServlet        : Completed 200 OK
2024-12-03T14:33:59.838+01:00  INFO 16828 --- [sketch2.0_backend] [http-nio-8080-exec-4] c.e.s.controller.ProductController       : Returning all products
2024-12-03T14:33:59.840+01:00 DEBUG 16828 --- [sketch2.0_backend] [http-nio-8080-exec-4] m.m.a.RequestResponseBodyMethodProcessor : Using 'application/json', given [application/json, text/plain, */*] and supported [application/json, application/*+json]
2024-12-03T14:33:59.841+01:00 DEBUG 16828 --- [sketch2.0_backend] [http-nio-8080-exec-4] m.m.a.RequestResponseBodyMethodProcessor : Writing [[com.example.sketch20_backend.dto.ProductDTO@8bcaff1, com.example.sketch20_backend.dto.ProductDTO@10 (truncated)...]
2024-12-03T14:33:59.919+01:00 DEBUG 16828 --- [sketch2.0_backend] [http-nio-8080-exec-4] o.s.web.servlet.DispatcherServlet        : Completed 200 OK
2024-12-03T14:49:54.817+01:00 DEBUG 16828 --- [sketch2.0_backend] [http-nio-8080-exec-2] o.s.web.servlet.DispatcherServlet        : GET "/habillages", parameters={}
2024-12-03T14:49:54.817+01:00 DEBUG 16828 --- [sketch2.0_backend] [http-nio-8080-exec-2] s.w.s.m.m.a.RequestMappingHandlerMapping : Mapped to com.example.sketch20_backend.controller.HabillageController#getAllHabillages()
2024-12-03T14:49:54.817+01:00  INFO 16828 --- [sketch2.0_backend] [http-nio-8080-exec-2] c.e.s.service.HabillageService           : Received request to get all habillage
2024-12-03T14:49:54.817+01:00  INFO 16828 --- [sketch2.0_backend] [http-nio-8080-exec-2] c.e.s.service.HabillageService           : Fetching all habillage
2024-12-03T14:49:54.892+01:00  INFO 16828 --- [sketch2.0_backend] [http-nio-8080-exec-2] c.e.s.service.HabillageService           : Number of habillage found: 13
2024-12-03T14:49:54.927+01:00  INFO 16828 --- [sketch2.0_backend] [http-nio-8080-exec-2] c.e.s.service.HabillageService           : Returning all habillage
2024-12-03T14:49:54.927+01:00 DEBUG 16828 --- [sketch2.0_backend] [http-nio-8080-exec-2] m.m.a.RequestResponseBodyMethodProcessor : Using 'application/json', given [application/json, text/plain, */*] and supported [application/json, application/*+json]
2024-12-03T14:49:54.933+01:00 DEBUG 16828 --- [sketch2.0_backend] [http-nio-8080-exec-2] m.m.a.RequestResponseBodyMethodProcessor : Writing [[com.example.sketch20_backend.dto.HabillageDTO@e8ed0a6, com.example.sketch20_backend.dto.HabillageDT (truncated)...]
2024-12-03T14:49:54.933+01:00 DEBUG 16828 --- [sketch2.0_backend] [http-nio-8080-exec-8] o.s.web.servlet.DispatcherServlet        : GET "/habillages", parameters={}
2024-12-03T14:49:54.933+01:00 DEBUG 16828 --- [sketch2.0_backend] [http-nio-8080-exec-8] s.w.s.m.m.a.RequestMappingHandlerMapping : Mapped to com.example.sketch20_backend.controller.HabillageController#getAllHabillages()
2024-12-03T14:49:54.933+01:00  INFO 16828 --- [sketch2.0_backend] [http-nio-8080-exec-8] c.e.s.service.HabillageService           : Received request to get all habillage
2024-12-03T14:49:54.933+01:00  INFO 16828 --- [sketch2.0_backend] [http-nio-8080-exec-8] c.e.s.service.HabillageService           : Fetching all habillage
2024-12-03T14:49:54.981+01:00  INFO 16828 --- [sketch2.0_backend] [http-nio-8080-exec-8] c.e.s.service.HabillageService           : Number of habillage found: 13
2024-12-03T14:49:55.039+01:00  INFO 16828 --- [sketch2.0_backend] [http-nio-8080-exec-8] c.e.s.service.HabillageService           : Returning all habillage
2024-12-03T14:49:55.039+01:00 DEBUG 16828 --- [sketch2.0_backend] [http-nio-8080-exec-8] m.m.a.RequestResponseBodyMethodProcessor : Using 'application/json', given [application/json, text/plain, */*] and supported [application/json, application/*+json]
2024-12-03T14:49:55.039+01:00 DEBUG 16828 --- [sketch2.0_backend] [http-nio-8080-exec-8] m.m.a.RequestResponseBodyMethodProcessor : Writing [[com.example.sketch20_backend.dto.HabillageDTO@1b3dcfd1, com.example.sketch20_backend.dto.HabillageD (truncated)...]
2024-12-03T14:49:55.066+01:00 DEBUG 16828 --- [sketch2.0_backend] [http-nio-8080-exec-2] o.s.web.servlet.DispatcherServlet        : Completed 200 OK
2024-12-03T14:49:55.166+01:00 DEBUG 16828 --- [sketch2.0_backend] [http-nio-8080-exec-8] o.s.web.servlet.DispatcherServlet        : Completed 200 OK
2024-12-03T14:50:13.801+01:00 DEBUG 16828 --- [sketch2.0_backend] [http-nio-8080-exec-9] o.s.web.servlet.DispatcherServlet        : GET "/chambres", parameters={}
2024-12-03T14:50:13.801+01:00 DEBUG 16828 --- [sketch2.0_backend] [http-nio-8080-exec-9] s.w.s.m.m.a.RequestMappingHandlerMapping : Mapped to com.example.sketch20_backend.controller.ChambreController#getAllChambres()
2024-12-03T14:50:13.804+01:00  INFO 16828 --- [sketch2.0_backend] [http-nio-8080-exec-9] c.e.s.controller.ChambreController       : Received request to get all chambres
2024-12-03T14:50:13.804+01:00  INFO 16828 --- [sketch2.0_backend] [http-nio-8080-exec-9] c.e.s.service.ChambreService             : Fetching all chambres
2024-12-03T14:50:13.859+01:00  INFO 16828 --- [sketch2.0_backend] [http-nio-8080-exec-9] c.e.s.service.ChambreService             : Number of chambres found: 13
2024-12-03T14:50:13.890+01:00  INFO 16828 --- [sketch2.0_backend] [http-nio-8080-exec-9] c.e.s.controller.ChambreController       : Returning all chambres
2024-12-03T14:50:13.890+01:00 DEBUG 16828 --- [sketch2.0_backend] [http-nio-8080-exec-9] m.m.a.RequestResponseBodyMethodProcessor : Using 'application/json', given [application/json, text/plain, */*] and supported [application/json, application/*+json]
2024-12-03T14:50:13.890+01:00 DEBUG 16828 --- [sketch2.0_backend] [http-nio-8080-exec-9] m.m.a.RequestResponseBodyMethodProcessor : Writing [[com.example.sketch20_backend.dto.ChambreDTO@1ebe8e84, com.example.sketch20_backend.dto.ChambreDTO@3 (truncated)...]
2024-12-03T14:50:13.894+01:00 DEBUG 16828 --- [sketch2.0_backend] [http-nio-8080-exec-10] o.s.web.servlet.DispatcherServlet        : GET "/chambres", parameters={}
2024-12-03T14:50:13.894+01:00 DEBUG 16828 --- [sketch2.0_backend] [http-nio-8080-exec-10] s.w.s.m.m.a.RequestMappingHandlerMapping : Mapped to com.example.sketch20_backend.controller.ChambreController#getAllChambres()
2024-12-03T14:50:13.894+01:00  INFO 16828 --- [sketch2.0_backend] [http-nio-8080-exec-10] c.e.s.controller.ChambreController       : Received request to get all chambres
2024-12-03T14:50:13.894+01:00  INFO 16828 --- [sketch2.0_backend] [http-nio-8080-exec-10] c.e.s.service.ChambreService             : Fetching all chambres
2024-12-03T14:50:13.922+01:00  INFO 16828 --- [sketch2.0_backend] [http-nio-8080-exec-10] c.e.s.service.ChambreService             : Number of chambres found: 13
2024-12-03T14:50:13.938+01:00  INFO 16828 --- [sketch2.0_backend] [http-nio-8080-exec-10] c.e.s.controller.ChambreController       : Returning all chambres
2024-12-03T14:50:13.938+01:00 DEBUG 16828 --- [sketch2.0_backend] [http-nio-8080-exec-10] m.m.a.RequestResponseBodyMethodProcessor : Using 'application/json', given [application/json, text/plain, */*] and supported [application/json, application/*+json]
2024-12-03T14:50:13.938+01:00 DEBUG 16828 --- [sketch2.0_backend] [http-nio-8080-exec-10] m.m.a.RequestResponseBodyMethodProcessor : Writing [[com.example.sketch20_backend.dto.ChambreDTO@2a37fc42, com.example.sketch20_backend.dto.ChambreDTO@2 (truncated)...]
2024-12-03T14:50:13.938+01:00 DEBUG 16828 --- [sketch2.0_backend] [http-nio-8080-exec-9] o.s.web.servlet.DispatcherServlet        : Completed 200 OK
2024-12-03T14:50:13.987+01:00 DEBUG 16828 --- [sketch2.0_backend] [http-nio-8080-exec-10] o.s.web.servlet.DispatcherServlet        : Completed 200 OK
2024-12-03T14:50:18.479+01:00 DEBUG 16828 --- [sketch2.0_backend] [http-nio-8080-exec-1] o.s.web.servlet.DispatcherServlet        : GET "/products", parameters={}
2024-12-03T14:50:18.480+01:00 DEBUG 16828 --- [sketch2.0_backend] [http-nio-8080-exec-1] s.w.s.m.m.a.RequestMappingHandlerMapping : Mapped to com.example.sketch20_backend.controller.ProductController#getAllProducts()
2024-12-03T14:50:18.481+01:00  INFO 16828 --- [sketch2.0_backend] [http-nio-8080-exec-1] c.e.s.controller.ProductController       : Received request to get all products
2024-12-03T14:50:18.481+01:00  INFO 16828 --- [sketch2.0_backend] [http-nio-8080-exec-1] c.e.s.service.ProductService             : Fetching all products
2024-12-03T14:50:18.542+01:00  INFO 16828 --- [sketch2.0_backend] [http-nio-8080-exec-1] c.e.s.service.ProductService             : Number of products found: 10
2024-12-03T14:50:18.562+01:00  INFO 16828 --- [sketch2.0_backend] [http-nio-8080-exec-1] c.e.s.controller.ProductController       : Returning all products
2024-12-03T14:50:18.562+01:00 DEBUG 16828 --- [sketch2.0_backend] [http-nio-8080-exec-1] m.m.a.RequestResponseBodyMethodProcessor : Using 'application/json', given [application/json, text/plain, */*] and supported [application/json, application/*+json]
2024-12-03T14:50:18.562+01:00 DEBUG 16828 --- [sketch2.0_backend] [http-nio-8080-exec-1] m.m.a.RequestResponseBodyMethodProcessor : Writing [[com.example.sketch20_backend.dto.ProductDTO@54f390ba, com.example.sketch20_backend.dto.ProductDTO@5 (truncated)...]
2024-12-03T14:50:18.562+01:00 DEBUG 16828 --- [sketch2.0_backend] [http-nio-8080-exec-5] o.s.web.servlet.DispatcherServlet        : GET "/products", parameters={}
2024-12-03T14:50:18.569+01:00 DEBUG 16828 --- [sketch2.0_backend] [http-nio-8080-exec-5] s.w.s.m.m.a.RequestMappingHandlerMapping : Mapped to com.example.sketch20_backend.controller.ProductController#getAllProducts()
2024-12-03T14:50:18.569+01:00  INFO 16828 --- [sketch2.0_backend] [http-nio-8080-exec-5] c.e.s.controller.ProductController       : Received request to get all products
2024-12-03T14:50:18.569+01:00  INFO 16828 --- [sketch2.0_backend] [http-nio-8080-exec-5] c.e.s.service.ProductService             : Fetching all products
2024-12-03T14:50:18.590+01:00  INFO 16828 --- [sketch2.0_backend] [http-nio-8080-exec-5] c.e.s.service.ProductService             : Number of products found: 10
2024-12-03T14:50:18.603+01:00  INFO 16828 --- [sketch2.0_backend] [http-nio-8080-exec-5] c.e.s.controller.ProductController       : Returning all products
2024-12-03T14:50:18.610+01:00 DEBUG 16828 --- [sketch2.0_backend] [http-nio-8080-exec-5] m.m.a.RequestResponseBodyMethodProcessor : Using 'application/json', given [application/json, text/plain, */*] and supported [application/json, application/*+json]
2024-12-03T14:50:18.611+01:00 DEBUG 16828 --- [sketch2.0_backend] [http-nio-8080-exec-5] m.m.a.RequestResponseBodyMethodProcessor : Writing [[com.example.sketch20_backend.dto.ProductDTO@2a77afc6, com.example.sketch20_backend.dto.ProductDTO@5 (truncated)...]
2024-12-03T14:50:18.617+01:00 DEBUG 16828 --- [sketch2.0_backend] [http-nio-8080-exec-1] o.s.web.servlet.DispatcherServlet        : Completed 200 OK
2024-12-03T14:50:18.655+01:00 DEBUG 16828 --- [sketch2.0_backend] [http-nio-8080-exec-5] o.s.web.servlet.DispatcherServlet        : Completed 200 OK
2024-12-03T14:50:27.355+01:00 DEBUG 16828 --- [sketch2.0_backend] [http-nio-8080-exec-3] o.s.web.servlet.DispatcherServlet        : GET "/canapes", parameters={}
2024-12-03T14:50:27.355+01:00 DEBUG 16828 --- [sketch2.0_backend] [http-nio-8080-exec-3] s.w.s.m.m.a.RequestMappingHandlerMapping : Mapped to com.example.sketch20_backend.controller.CanapeController#getAllCanapes()
2024-12-03T14:50:27.356+01:00  INFO 16828 --- [sketch2.0_backend] [http-nio-8080-exec-3] c.e.s.controller.CanapeController        : Received request to get all canapes
2024-12-03T14:50:27.357+01:00  INFO 16828 --- [sketch2.0_backend] [http-nio-8080-exec-3] c.e.s.service.CanapeService              : Fetching all canapes
2024-12-03T14:50:27.463+01:00  INFO 16828 --- [sketch2.0_backend] [http-nio-8080-exec-3] c.e.s.service.CanapeService              : Number of canapes found: 12
2024-12-03T14:50:27.512+01:00  INFO 16828 --- [sketch2.0_backend] [http-nio-8080-exec-3] c.e.s.controller.CanapeController        : Returning all canapes
2024-12-03T14:50:27.513+01:00 DEBUG 16828 --- [sketch2.0_backend] [http-nio-8080-exec-3] m.m.a.RequestResponseBodyMethodProcessor : Using 'application/json', given [application/json, text/plain, */*] and supported [application/json, application/*+json]
2024-12-03T14:50:27.513+01:00 DEBUG 16828 --- [sketch2.0_backend] [http-nio-8080-exec-3] m.m.a.RequestResponseBodyMethodProcessor : Writing [[com.example.sketch20_backend.dto.CanapeDTO@42daa70a, com.example.sketch20_backend.dto.CanapeDTO@66f (truncated)...]
2024-12-03T14:50:27.519+01:00 DEBUG 16828 --- [sketch2.0_backend] [http-nio-8080-exec-4] o.s.web.servlet.DispatcherServlet        : GET "/canapes", parameters={}
2024-12-03T14:50:27.519+01:00 DEBUG 16828 --- [sketch2.0_backend] [http-nio-8080-exec-4] s.w.s.m.m.a.RequestMappingHandlerMapping : Mapped to com.example.sketch20_backend.controller.CanapeController#getAllCanapes()
2024-12-03T14:50:27.519+01:00  INFO 16828 --- [sketch2.0_backend] [http-nio-8080-exec-4] c.e.s.controller.CanapeController        : Received request to get all canapes
2024-12-03T14:50:27.519+01:00  INFO 16828 --- [sketch2.0_backend] [http-nio-8080-exec-4] c.e.s.service.CanapeService              : Fetching all canapes
2024-12-03T14:50:27.605+01:00  INFO 16828 --- [sketch2.0_backend] [http-nio-8080-exec-4] c.e.s.service.CanapeService              : Number of canapes found: 12
2024-12-03T14:50:27.612+01:00 DEBUG 16828 --- [sketch2.0_backend] [http-nio-8080-exec-3] o.s.web.servlet.DispatcherServlet        : Completed 200 OK
2024-12-03T14:50:27.651+01:00  INFO 16828 --- [sketch2.0_backend] [http-nio-8080-exec-4] c.e.s.controller.CanapeController        : Returning all canapes
2024-12-03T14:50:27.652+01:00 DEBUG 16828 --- [sketch2.0_backend] [http-nio-8080-exec-4] m.m.a.RequestResponseBodyMethodProcessor : Using 'application/json', given [application/json, text/plain, */*] and supported [application/json, application/*+json]
2024-12-03T14:50:27.653+01:00 DEBUG 16828 --- [sketch2.0_backend] [http-nio-8080-exec-4] m.m.a.RequestResponseBodyMethodProcessor : Writing [[com.example.sketch20_backend.dto.CanapeDTO@75c228ea, com.example.sketch20_backend.dto.CanapeDTO@5ec (truncated)...]
2024-12-03T14:50:27.764+01:00 DEBUG 16828 --- [sketch2.0_backend] [http-nio-8080-exec-4] o.s.web.servlet.DispatcherServlet        : Completed 200 OK
2024-12-03T14:50:32.179+01:00 DEBUG 16828 --- [sketch2.0_backend] [http-nio-8080-exec-6] o.s.web.servlet.DispatcherServlet        : GET "/chambres", parameters={}
2024-12-03T14:50:32.180+01:00 DEBUG 16828 --- [sketch2.0_backend] [http-nio-8080-exec-6] s.w.s.m.m.a.RequestMappingHandlerMapping : Mapped to com.example.sketch20_backend.controller.ChambreController#getAllChambres()
2024-12-03T14:50:32.180+01:00  INFO 16828 --- [sketch2.0_backend] [http-nio-8080-exec-6] c.e.s.controller.ChambreController       : Received request to get all chambres
2024-12-03T14:50:32.180+01:00  INFO 16828 --- [sketch2.0_backend] [http-nio-8080-exec-6] c.e.s.service.ChambreService             : Fetching all chambres
2024-12-03T14:50:32.230+01:00  INFO 16828 --- [sketch2.0_backend] [http-nio-8080-exec-6] c.e.s.service.ChambreService             : Number of chambres found: 13
2024-12-03T14:50:32.254+01:00  INFO 16828 --- [sketch2.0_backend] [http-nio-8080-exec-6] c.e.s.controller.ChambreController       : Returning all chambres
2024-12-03T14:50:32.254+01:00 DEBUG 16828 --- [sketch2.0_backend] [http-nio-8080-exec-6] m.m.a.RequestResponseBodyMethodProcessor : Using 'application/json', given [application/json, text/plain, */*] and supported [application/json, application/*+json]
2024-12-03T14:50:32.254+01:00 DEBUG 16828 --- [sketch2.0_backend] [http-nio-8080-exec-6] m.m.a.RequestResponseBodyMethodProcessor : Writing [[com.example.sketch20_backend.dto.ChambreDTO@55146b45, com.example.sketch20_backend.dto.ChambreDTO@7 (truncated)...]
2024-12-03T14:50:32.262+01:00 DEBUG 16828 --- [sketch2.0_backend] [http-nio-8080-exec-7] o.s.web.servlet.DispatcherServlet        : GET "/chambres", parameters={}
2024-12-03T14:50:32.262+01:00 DEBUG 16828 --- [sketch2.0_backend] [http-nio-8080-exec-7] s.w.s.m.m.a.RequestMappingHandlerMapping : Mapped to com.example.sketch20_backend.controller.ChambreController#getAllChambres()
2024-12-03T14:50:32.262+01:00  INFO 16828 --- [sketch2.0_backend] [http-nio-8080-exec-7] c.e.s.controller.ChambreController       : Received request to get all chambres
2024-12-03T14:50:32.262+01:00  INFO 16828 --- [sketch2.0_backend] [http-nio-8080-exec-7] c.e.s.service.ChambreService             : Fetching all chambres
2024-12-03T14:50:32.278+01:00  INFO 16828 --- [sketch2.0_backend] [http-nio-8080-exec-7] c.e.s.service.ChambreService             : Number of chambres found: 13
2024-12-03T14:50:32.293+01:00  INFO 16828 --- [sketch2.0_backend] [http-nio-8080-exec-7] c.e.s.controller.ChambreController       : Returning all chambres
2024-12-03T14:50:32.293+01:00 DEBUG 16828 --- [sketch2.0_backend] [http-nio-8080-exec-7] m.m.a.RequestResponseBodyMethodProcessor : Using 'application/json', given [application/json, text/plain, */*] and supported [application/json, application/*+json]
2024-12-03T14:50:32.293+01:00 DEBUG 16828 --- [sketch2.0_backend] [http-nio-8080-exec-7] m.m.a.RequestResponseBodyMethodProcessor : Writing [[com.example.sketch20_backend.dto.ChambreDTO@70b14d1b, com.example.sketch20_backend.dto.ChambreDTO@7 (truncated)...]
2024-12-03T14:50:32.309+01:00 DEBUG 16828 --- [sketch2.0_backend] [http-nio-8080-exec-6] o.s.web.servlet.DispatcherServlet        : Completed 200 OK
2024-12-03T14:50:32.348+01:00 DEBUG 16828 --- [sketch2.0_backend] [http-nio-8080-exec-7] o.s.web.servlet.DispatcherServlet        : Completed 200 OK
2024-12-03T14:50:32.945+01:00 DEBUG 16828 --- [sketch2.0_backend] [http-nio-8080-exec-2] o.s.web.servlet.DispatcherServlet        : GET "/tables", parameters={}
2024-12-03T14:50:32.946+01:00 DEBUG 16828 --- [sketch2.0_backend] [http-nio-8080-exec-2] s.w.s.m.m.a.RequestMappingHandlerMapping : Mapped to com.example.sketch20_backend.controller.TableController#getAllTables()
2024-12-03T14:50:32.947+01:00  INFO 16828 --- [sketch2.0_backend] [http-nio-8080-exec-2] c.e.s.controller.TableController         : Received request to get all myTables
2024-12-03T14:50:32.948+01:00  INFO 16828 --- [sketch2.0_backend] [http-nio-8080-exec-2] c.e.s.service.TableService               : Fetching all products
2024-12-03T14:50:32.994+01:00  INFO 16828 --- [sketch2.0_backend] [http-nio-8080-exec-2] c.e.s.service.TableService               : Number of products found: 11
2024-12-03T14:50:33.029+01:00  INFO 16828 --- [sketch2.0_backend] [http-nio-8080-exec-2] c.e.s.controller.TableController         : Returning all canapes
2024-12-03T14:50:33.029+01:00 DEBUG 16828 --- [sketch2.0_backend] [http-nio-8080-exec-2] m.m.a.RequestResponseBodyMethodProcessor : Using 'application/json', given [application/json, text/plain, */*] and supported [application/json, application/*+json]
2024-12-03T14:50:33.029+01:00 DEBUG 16828 --- [sketch2.0_backend] [http-nio-8080-exec-2] m.m.a.RequestResponseBodyMethodProcessor : Writing [[com.example.sketch20_backend.dto.TableDTO@41a0b2a1, com.example.sketch20_backend.dto.TableDTO@2b6b9 (truncated)...]
2024-12-03T14:50:33.029+01:00 DEBUG 16828 --- [sketch2.0_backend] [http-nio-8080-exec-8] o.s.web.servlet.DispatcherServlet        : GET "/tables", parameters={}
2024-12-03T14:50:33.029+01:00 DEBUG 16828 --- [sketch2.0_backend] [http-nio-8080-exec-8] s.w.s.m.m.a.RequestMappingHandlerMapping : Mapped to com.example.sketch20_backend.controller.TableController#getAllTables()
2024-12-03T14:50:33.029+01:00  INFO 16828 --- [sketch2.0_backend] [http-nio-8080-exec-8] c.e.s.controller.TableController         : Received request to get all myTables
2024-12-03T14:50:33.029+01:00  INFO 16828 --- [sketch2.0_backend] [http-nio-8080-exec-8] c.e.s.service.TableService               : Fetching all products
2024-12-03T14:50:33.055+01:00  INFO 16828 --- [sketch2.0_backend] [http-nio-8080-exec-8] c.e.s.service.TableService               : Number of products found: 11
2024-12-03T14:50:33.058+01:00  INFO 16828 --- [sketch2.0_backend] [http-nio-8080-exec-8] c.e.s.controller.TableController         : Returning all canapes
2024-12-03T14:50:33.058+01:00 DEBUG 16828 --- [sketch2.0_backend] [http-nio-8080-exec-8] m.m.a.RequestResponseBodyMethodProcessor : Using 'application/json', given [application/json, text/plain, */*] and supported [application/json, application/*+json]
2024-12-03T14:50:33.058+01:00 DEBUG 16828 --- [sketch2.0_backend] [http-nio-8080-exec-8] m.m.a.RequestResponseBodyMethodProcessor : Writing [[com.example.sketch20_backend.dto.TableDTO@39269754, com.example.sketch20_backend.dto.TableDTO@49e2c (truncated)...]
2024-12-03T14:50:33.074+01:00 DEBUG 16828 --- [sketch2.0_backend] [http-nio-8080-exec-2] o.s.web.servlet.DispatcherServlet        : Completed 200 OK
2024-12-03T14:50:33.128+01:00 DEBUG 16828 --- [sketch2.0_backend] [http-nio-8080-exec-8] o.s.web.servlet.DispatcherServlet        : Completed 200 OK
2024-12-03T14:50:46.893+01:00 DEBUG 16828 --- [sketch2.0_backend] [http-nio-8080-exec-9] o.s.web.servlet.DispatcherServlet        : GET "/chaises", parameters={}
2024-12-03T14:50:46.893+01:00 DEBUG 16828 --- [sketch2.0_backend] [http-nio-8080-exec-9] s.w.s.m.m.a.RequestMappingHandlerMapping : Mapped to com.example.sketch20_backend.controller.ChaiseController#getAllChaises()
2024-12-03T14:50:46.893+01:00  INFO 16828 --- [sketch2.0_backend] [http-nio-8080-exec-9] c.e.s.service.ChaiseService              : Received request to get all chaises
2024-12-03T14:50:46.894+01:00  INFO 16828 --- [sketch2.0_backend] [http-nio-8080-exec-9] c.e.s.service.ChaiseService              : Fetching all chaise
2024-12-03T14:50:46.975+01:00  INFO 16828 --- [sketch2.0_backend] [http-nio-8080-exec-9] c.e.s.service.ChaiseService              : Number of chambres found: 12
2024-12-03T14:50:46.993+01:00  INFO 16828 --- [sketch2.0_backend] [http-nio-8080-exec-9] c.e.s.service.ChaiseService              : Returning all chaise
2024-12-03T14:50:46.993+01:00 DEBUG 16828 --- [sketch2.0_backend] [http-nio-8080-exec-9] m.m.a.RequestResponseBodyMethodProcessor : Using 'application/json', given [application/json, text/plain, */*] and supported [application/json, application/*+json]
2024-12-03T14:50:46.993+01:00 DEBUG 16828 --- [sketch2.0_backend] [http-nio-8080-exec-9] m.m.a.RequestResponseBodyMethodProcessor : Writing [[com.example.sketch20_backend.dto.ChaiseDTO@2452bdaa, com.example.sketch20_backend.dto.ChaiseDTO@1dc (truncated)...]
2024-12-03T14:50:47.006+01:00 DEBUG 16828 --- [sketch2.0_backend] [http-nio-8080-exec-10] o.s.web.servlet.DispatcherServlet        : GET "/chaises", parameters={}
2024-12-03T14:50:47.006+01:00 DEBUG 16828 --- [sketch2.0_backend] [http-nio-8080-exec-10] s.w.s.m.m.a.RequestMappingHandlerMapping : Mapped to com.example.sketch20_backend.controller.ChaiseController#getAllChaises()
2024-12-03T14:50:47.006+01:00  INFO 16828 --- [sketch2.0_backend] [http-nio-8080-exec-10] c.e.s.service.ChaiseService              : Received request to get all chaises
2024-12-03T14:50:47.006+01:00  INFO 16828 --- [sketch2.0_backend] [http-nio-8080-exec-10] c.e.s.service.ChaiseService              : Fetching all chaise
2024-12-03T14:50:47.037+01:00  INFO 16828 --- [sketch2.0_backend] [http-nio-8080-exec-10] c.e.s.service.ChaiseService              : Number of chambres found: 12
2024-12-03T14:50:47.053+01:00  INFO 16828 --- [sketch2.0_backend] [http-nio-8080-exec-10] c.e.s.service.ChaiseService              : Returning all chaise
2024-12-03T14:50:47.053+01:00 DEBUG 16828 --- [sketch2.0_backend] [http-nio-8080-exec-10] m.m.a.RequestResponseBodyMethodProcessor : Using 'application/json', given [application/json, text/plain, */*] and supported [application/json, application/*+json]
2024-12-03T14:50:47.053+01:00 DEBUG 16828 --- [sketch2.0_backend] [http-nio-8080-exec-10] m.m.a.RequestResponseBodyMethodProcessor : Writing [[com.example.sketch20_backend.dto.ChaiseDTO@31def7df, com.example.sketch20_backend.dto.ChaiseDTO@7a0 (truncated)...]
2024-12-03T14:50:47.078+01:00 DEBUG 16828 --- [sketch2.0_backend] [http-nio-8080-exec-9] o.s.web.servlet.DispatcherServlet        : Completed 200 OK
2024-12-03T14:50:47.125+01:00 DEBUG 16828 --- [sketch2.0_backend] [http-nio-8080-exec-10] o.s.web.servlet.DispatcherServlet        : Completed 200 OK
2024-12-03T14:50:50.616+01:00 DEBUG 16828 --- [sketch2.0_backend] [http-nio-8080-exec-1] o.s.web.servlet.DispatcherServlet        : GET "/meubles", parameters={}
2024-12-03T14:50:50.617+01:00 DEBUG 16828 --- [sketch2.0_backend] [http-nio-8080-exec-1] s.w.s.m.m.a.RequestMappingHandlerMapping : Mapped to com.example.sketch20_backend.controller.MeubleController#getAllMeubles()
2024-12-03T14:50:50.617+01:00  INFO 16828 --- [sketch2.0_backend] [http-nio-8080-exec-1] c.e.s.service.MeubleService              : Received request to get all meuble
2024-12-03T14:50:50.617+01:00  INFO 16828 --- [sketch2.0_backend] [http-nio-8080-exec-1] c.e.s.service.MeubleService              : Fetching all meubles
2024-12-03T14:50:50.687+01:00  INFO 16828 --- [sketch2.0_backend] [http-nio-8080-exec-1] c.e.s.service.MeubleService              : Number of meuble found: 12
2024-12-03T14:50:50.718+01:00  INFO 16828 --- [sketch2.0_backend] [http-nio-8080-exec-1] c.e.s.service.MeubleService              : Returning all meuble
2024-12-03T14:50:50.718+01:00 DEBUG 16828 --- [sketch2.0_backend] [http-nio-8080-exec-1] m.m.a.RequestResponseBodyMethodProcessor : Using 'application/json', given [application/json, text/plain, */*] and supported [application/json, application/*+json]
2024-12-03T14:50:50.718+01:00 DEBUG 16828 --- [sketch2.0_backend] [http-nio-8080-exec-1] m.m.a.RequestResponseBodyMethodProcessor : Writing [[com.example.sketch20_backend.dto.MeubleDTO@535ffa23, com.example.sketch20_backend.dto.MeubleDTO@323 (truncated)...]
2024-12-03T14:50:50.718+01:00 DEBUG 16828 --- [sketch2.0_backend] [http-nio-8080-exec-5] o.s.web.servlet.DispatcherServlet        : GET "/meubles", parameters={}
2024-12-03T14:50:50.718+01:00 DEBUG 16828 --- [sketch2.0_backend] [http-nio-8080-exec-5] s.w.s.m.m.a.RequestMappingHandlerMapping : Mapped to com.example.sketch20_backend.controller.MeubleController#getAllMeubles()
2024-12-03T14:50:50.718+01:00  INFO 16828 --- [sketch2.0_backend] [http-nio-8080-exec-5] c.e.s.service.MeubleService              : Received request to get all meuble
2024-12-03T14:50:50.718+01:00  INFO 16828 --- [sketch2.0_backend] [http-nio-8080-exec-5] c.e.s.service.MeubleService              : Fetching all meubles
2024-12-03T14:50:50.749+01:00  INFO 16828 --- [sketch2.0_backend] [http-nio-8080-exec-5] c.e.s.service.MeubleService              : Number of meuble found: 12
2024-12-03T14:50:50.765+01:00  INFO 16828 --- [sketch2.0_backend] [http-nio-8080-exec-5] c.e.s.service.MeubleService              : Returning all meuble
2024-12-03T14:50:50.765+01:00 DEBUG 16828 --- [sketch2.0_backend] [http-nio-8080-exec-5] m.m.a.RequestResponseBodyMethodProcessor : Using 'application/json', given [application/json, text/plain, */*] and supported [application/json, application/*+json]
2024-12-03T14:50:50.765+01:00 DEBUG 16828 --- [sketch2.0_backend] [http-nio-8080-exec-5] m.m.a.RequestResponseBodyMethodProcessor : Writing [[com.example.sketch20_backend.dto.MeubleDTO@44dbb1a6, com.example.sketch20_backend.dto.MeubleDTO@34a (truncated)...]
2024-12-03T14:50:50.782+01:00 DEBUG 16828 --- [sketch2.0_backend] [http-nio-8080-exec-1] o.s.web.servlet.DispatcherServlet        : Completed 200 OK
2024-12-03T14:50:50.826+01:00 DEBUG 16828 --- [sketch2.0_backend] [http-nio-8080-exec-5] o.s.web.servlet.DispatcherServlet        : Completed 200 OK
2024-12-03T16:16:59.138+01:00  WARN 16828 --- [sketch2.0_backend] [HikariPool-1 housekeeper] com.zaxxer.hikari.pool.HikariPool        : HikariPool-1 - Thread starvation or clock leap detected (housekeeper delta=29m35s80ms85µs200ns).
2024-12-03T16:17:05.727+01:00 DEBUG 16828 --- [sketch2.0_backend] [http-nio-8080-exec-6] o.s.web.servlet.DispatcherServlet        : GET "/meubles", parameters={}
2024-12-03T16:17:05.740+01:00 DEBUG 16828 --- [sketch2.0_backend] [http-nio-8080-exec-6] s.w.s.m.m.a.RequestMappingHandlerMapping : Mapped to com.example.sketch20_backend.controller.MeubleController#getAllMeubles()
2024-12-03T16:17:05.774+01:00  INFO 16828 --- [sketch2.0_backend] [http-nio-8080-exec-6] c.e.s.service.MeubleService              : Received request to get all meuble
2024-12-03T16:17:05.774+01:00  INFO 16828 --- [sketch2.0_backend] [http-nio-8080-exec-6] c.e.s.service.MeubleService              : Fetching all meubles
2024-12-03T16:17:06.048+01:00  INFO 16828 --- [sketch2.0_backend] [http-nio-8080-exec-6] c.e.s.service.MeubleService              : Number of meuble found: 12
2024-12-03T16:17:06.155+01:00  INFO 16828 --- [sketch2.0_backend] [http-nio-8080-exec-6] c.e.s.service.MeubleService              : Returning all meuble
2024-12-03T16:17:06.175+01:00 DEBUG 16828 --- [sketch2.0_backend] [http-nio-8080-exec-6] m.m.a.RequestResponseBodyMethodProcessor : Using 'application/json', given [application/json, text/plain, */*] and supported [application/json, application/*+json]
2024-12-03T16:17:06.175+01:00 DEBUG 16828 --- [sketch2.0_backend] [http-nio-8080-exec-6] m.m.a.RequestResponseBodyMethodProcessor : Writing [[com.example.sketch20_backend.dto.MeubleDTO@2ac6901e, com.example.sketch20_backend.dto.MeubleDTO@18e (truncated)...]
2024-12-03T16:17:06.206+01:00 DEBUG 16828 --- [sketch2.0_backend] [http-nio-8080-exec-7] o.s.web.servlet.DispatcherServlet        : GET "/meubles", parameters={}
2024-12-03T16:17:06.206+01:00 DEBUG 16828 --- [sketch2.0_backend] [http-nio-8080-exec-7] s.w.s.m.m.a.RequestMappingHandlerMapping : Mapped to com.example.sketch20_backend.controller.MeubleController#getAllMeubles()
2024-12-03T16:17:06.206+01:00  INFO 16828 --- [sketch2.0_backend] [http-nio-8080-exec-7] c.e.s.service.MeubleService              : Received request to get all meuble
2024-12-03T16:17:06.206+01:00  INFO 16828 --- [sketch2.0_backend] [http-nio-8080-exec-7] c.e.s.service.MeubleService              : Fetching all meubles
2024-12-03T16:17:06.417+01:00  INFO 16828 --- [sketch2.0_backend] [http-nio-8080-exec-7] c.e.s.service.MeubleService              : Number of meuble found: 12
2024-12-03T16:17:06.422+01:00 DEBUG 16828 --- [sketch2.0_backend] [http-nio-8080-exec-6] o.s.web.servlet.DispatcherServlet        : Completed 200 OK
2024-12-03T16:17:06.466+01:00  INFO 16828 --- [sketch2.0_backend] [http-nio-8080-exec-7] c.e.s.service.MeubleService              : Returning all meuble
2024-12-03T16:17:06.475+01:00 DEBUG 16828 --- [sketch2.0_backend] [http-nio-8080-exec-7] m.m.a.RequestResponseBodyMethodProcessor : Using 'application/json', given [application/json, text/plain, */*] and supported [application/json, application/*+json]
2024-12-03T16:17:06.476+01:00 DEBUG 16828 --- [sketch2.0_backend] [http-nio-8080-exec-7] m.m.a.RequestResponseBodyMethodProcessor : Writing [[com.example.sketch20_backend.dto.MeubleDTO@4ad617c7, com.example.sketch20_backend.dto.MeubleDTO@6ff (truncated)...]
2024-12-03T16:17:07.213+01:00 DEBUG 16828 --- [sketch2.0_backend] [http-nio-8080-exec-7] o.s.web.servlet.DispatcherServlet        : Completed 200 OK
2024-12-03T16:34:40.332+01:00  INFO 16828 --- [sketch2.0_backend] [SpringApplicationShutdownHook] j.LocalContainerEntityManagerFactoryBean : Closing JPA EntityManagerFactory for persistence unit 'default'
2024-12-03T16:34:40.351+01:00  INFO 16828 --- [sketch2.0_backend] [SpringApplicationShutdownHook] com.zaxxer.hikari.HikariDataSource       : HikariPool-1 - Shutdown initiated...
2024-12-03T16:34:40.355+01:00  INFO 16828 --- [sketch2.0_backend] [SpringApplicationShutdownHook] com.zaxxer.hikari.HikariDataSource       : HikariPool-1 - Shutdown completed.
2024-12-03T17:37:16.651+01:00  INFO 21124 --- [sketch2.0_backend] [main] c.e.sketch20_backend.ApplicationTests    : Starting ApplicationTests using Java 23.0.1 with PID 21124 (started by VICTUS in C:\Users\tatch\sketch2.0_backend\sketch2.0_backend)
2024-12-03T17:37:16.651+01:00  INFO 21124 --- [sketch2.0_backend] [main] c.e.sketch20_backend.ApplicationTests    : No active profile set, falling back to 1 default profile: "default"
2024-12-03T17:37:16.698+01:00 DEBUG 21124 --- [sketch2.0_backend] [main] o.s.w.c.s.GenericWebApplicationContext   : Refreshing org.springframework.web.context.support.GenericWebApplicationContext@5a12c728
2024-12-03T17:37:18.035+01:00  INFO 21124 --- [sketch2.0_backend] [main] .s.d.r.c.RepositoryConfigurationDelegate : Bootstrapping Spring Data JPA repositories in DEFAULT mode.
2024-12-03T17:37:18.130+01:00  INFO 21124 --- [sketch2.0_backend] [main] .s.d.r.c.RepositoryConfigurationDelegate : Finished Spring Data repository scanning in 79 ms. Found 7 JPA repository interfaces.
2024-12-03T17:37:18.775+01:00  INFO 21124 --- [sketch2.0_backend] [main] o.hibernate.jpa.internal.util.LogHelper  : HHH000204: Processing PersistenceUnitInfo [name: default]
2024-12-03T17:37:18.870+01:00  INFO 21124 --- [sketch2.0_backend] [main] org.hibernate.Version                    : HHH000412: Hibernate ORM core version 6.5.3.Final
2024-12-03T17:37:18.922+01:00  INFO 21124 --- [sketch2.0_backend] [main] o.h.c.internal.RegionFactoryInitiator    : HHH000026: Second-level cache disabled
2024-12-03T17:37:19.376+01:00  INFO 21124 --- [sketch2.0_backend] [main] o.s.o.j.p.SpringPersistenceUnitInfo      : No LoadTimeWeaver setup: ignoring JPA class transformer
2024-12-03T17:37:19.423+01:00  INFO 21124 --- [sketch2.0_backend] [main] com.zaxxer.hikari.HikariDataSource       : HikariPool-1 - Starting...
2024-12-03T17:37:19.656+01:00  INFO 21124 --- [sketch2.0_backend] [main] com.zaxxer.hikari.pool.HikariPool        : HikariPool-1 - Added connection com.mysql.cj.jdbc.ConnectionImpl@65753724
2024-12-03T17:37:19.661+01:00  INFO 21124 --- [sketch2.0_backend] [main] com.zaxxer.hikari.HikariDataSource       : HikariPool-1 - Start completed.
2024-12-03T17:37:19.708+01:00  WARN 21124 --- [sketch2.0_backend] [main] org.hibernate.dialect.Dialect            : HHH000511: The 5.5.5 version for [org.hibernate.dialect.MySQLDialect] is no longer supported, hence certain features may not work properly. The minimum supported version is 8.0.0. Check the community dialects project for available legacy versions.
2024-12-03T17:37:20.750+01:00  INFO 21124 --- [sketch2.0_backend] [main] o.h.e.t.j.p.i.JtaPlatformInitiator       : HHH000489: No JTA platform available (set 'hibernate.transaction.jta.platform' to enable JTA platform integration)
2024-12-03T17:37:21.002+01:00  INFO 21124 --- [sketch2.0_backend] [main] j.LocalContainerEntityManagerFactoryBean : Initialized JPA EntityManagerFactory for persistence unit 'default'
2024-12-03T17:37:21.971+01:00  WARN 21124 --- [sketch2.0_backend] [main] JpaBaseConfiguration$JpaWebConfiguration : spring.jpa.open-in-view is enabled by default. Therefore, database queries may be performed during view rendering. Explicitly configure spring.jpa.open-in-view to disable this warning
2024-12-03T17:37:22.145+01:00 DEBUG 21124 --- [sketch2.0_backend] [main] s.w.s.m.m.a.RequestMappingHandlerMapping : 16 mappings in 'requestMappingHandlerMapping'
2024-12-03T17:37:22.334+01:00 DEBUG 21124 --- [sketch2.0_backend] [main] o.s.w.s.handler.SimpleUrlHandlerMapping  : Patterns [/webjars/**, /**] in 'resourceHandlerMapping'
2024-12-03T17:37:22.366+01:00 DEBUG 21124 --- [sketch2.0_backend] [main] s.w.s.m.m.a.RequestMappingHandlerAdapter : ControllerAdvice beans: 0 @ModelAttribute, 0 @InitBinder, 1 RequestBodyAdvice, 1 ResponseBodyAdvice
2024-12-03T17:37:22.414+01:00 DEBUG 21124 --- [sketch2.0_backend] [main] .m.m.a.ExceptionHandlerExceptionResolver : ControllerAdvice beans: 0 @ExceptionHandler, 1 ResponseBodyAdvice
2024-12-03T17:37:22.573+01:00  INFO 21124 --- [sketch2.0_backend] [main] c.e.sketch20_backend.ApplicationTests    : Started ApplicationTests in 6.35 seconds (process running for 8.428)
2024-12-03T17:37:23.234+01:00 DEBUG 21124 --- [sketch2.0_backend] [SpringApplicationShutdownHook] o.s.w.c.s.GenericWebApplicationContext   : Closing org.springframework.web.context.support.GenericWebApplicationContext@5a12c728, started on Tue Dec 03 17:37:16 GMT+01:00 2024
2024-12-03T17:37:23.234+01:00  INFO 21124 --- [sketch2.0_backend] [SpringApplicationShutdownHook] j.LocalContainerEntityManagerFactoryBean : Closing JPA EntityManagerFactory for persistence unit 'default'
2024-12-03T17:37:23.234+01:00  INFO 21124 --- [sketch2.0_backend] [SpringApplicationShutdownHook] com.zaxxer.hikari.HikariDataSource       : HikariPool-1 - Shutdown initiated...
2024-12-03T17:37:23.249+01:00  INFO 21124 --- [sketch2.0_backend] [SpringApplicationShutdownHook] com.zaxxer.hikari.HikariDataSource       : HikariPool-1 - Shutdown completed.
